<?xml version="1.0" encoding="UTF-8"?>
<!-- Generated by org.testng.reporters.JUnitReportReporter -->
<testsuite hostname="DESKTOP-GGDIQCA" failures="0" tests="18" name="test_package.TestAddToBoardFanButton" time="238.387" errors="0" timestamp="2024-10-07T14:49:20 IST" skipped="1">
  <testcase classname="test_package.TestAddToBoardFanButton" name="creatingSingleKanbanCard" time="61.864"/>
  <testcase classname="test_package.TestAddToBoardFanButton" name="AddTextToKanbanBoard" time="20.188"/>
  <testcase classname="test_package.TestAddToBoardFanButton" name="ResizeText" time="4.882"/>
  <testcase classname="test_package.TestAddToBoardFanButton" name="LinkText" time="10.093"/>
  <testcase classname="test_package.TestAddToBoardFanButton" name="ShuffleTextBehindAnotherText" time="28.914"/>
  <testcase classname="test_package.TestAddToBoardFanButton" name="ShuffleTextFrontAnotherText" time="4.280"/>
  <testcase classname="test_package.TestAddToBoardFanButton" name="ChatterOnText" time="14.283"/>
  <testcase classname="test_package.TestAddToBoardFanButton" name="UpdateTextArea" time="7.864"/>
  <testcase classname="test_package.TestAddToBoardFanButton" name="AddImageToKanbanBoard" time="17.733"/>
  <testcase classname="test_package.TestAddToBoardFanButton" name="LinkImageToKanbanCard" time="13.419"/>
  <testcase classname="test_package.TestAddToBoardFanButton" name="LockImage" time="4.550"/>
  <testcase classname="test_package.TestAddToBoardFanButton" name="CloneImage" time="3.703"/>
  <testcase classname="test_package.TestAddToBoardFanButton" name="ImageShuffleUpAndDown" time="7.256"/>
  <testcase classname="test_package.TestAddToBoardFanButton" name="ResizeImage" time="6.916"/>
  <testcase classname="test_package.TestAddToBoardFanButton" name="ChatterOnImage" time="11.975"/>
  <testcase classname="test_package.TestAddToBoardFanButton" name="AddKanbanCard" time="8.022"/>
  <testcase classname="test_package.TestAddToBoardFanButton" name="UploadSticker" time="12.445"/>
  <testcase classname="test_package.TestAddToBoardFanButton" name="AddVisualAnalytic">
    <skipped/>
  </testcase> <!-- AddVisualAnalytic -->
</testsuite> <!-- test_package.TestAddToBoardFanButton -->
