<?xml version="1.0" encoding="UTF-8"?>
<!-- Generated by org.testng.reporters.JUnitReportReporter -->
<testsuite hostname="DESKTOP-GGDIQCA" failures="0" tests="1" name="test_package.TestCreatingSingleActicityAndAutomateEditInformationfieldOnPg" time="29.081" errors="0" timestamp="2023-11-01T14:40:03 IST" skipped="0">
  <testcase classname="test_package.TestCreatingSingleActicityAndAutomateEditInformationfieldOnPg" name="Create_SingleActivity" time="29.081"/>
</testsuite> <!-- test_package.TestCreatingSingleActicityAndAutomateEditInformationfieldOnPg -->
