<?xml version="1.0" encoding="UTF-8"?>
<!-- Generated by org.testng.reporters.JUnitReportReporter -->
<testsuite hostname="DESKTOP-GGDIQCA" failures="0" tests="14" name="test_package.TestCreatingSingleActivityAndAutomateEditInformationfieldOnPg" time="242.303" errors="0" timestamp="2024-11-18T18:47:43 IST" skipped="3">
  <testcase classname="test_package.TestCreatingSingleActivityAndAutomateEditInformationfieldOnPg" name="Create_SingleActivity" time="70.253"/>
  <testcase classname="test_package.TestCreatingSingleActivityAndAutomateEditInformationfieldOnPg" name="ClickOn_SideStatusColumn" time="16.426"/>
  <testcase classname="test_package.TestCreatingSingleActivityAndAutomateEditInformationfieldOnPg" name="ClickOn_SideLogTimeColumn" time="9.736"/>
  <testcase classname="test_package.TestCreatingSingleActivityAndAutomateEditInformationfieldOnPg" name="editLogTime" time="13.933"/>
  <testcase classname="test_package.TestCreatingSingleActivityAndAutomateEditInformationfieldOnPg" name="clickOn_RiskTab" time="12.488"/>
  <testcase classname="test_package.TestCreatingSingleActivityAndAutomateEditInformationfieldOnPg" name="clickOnSubscriberOfActivity" time="9.802"/>
  <testcase classname="test_package.TestCreatingSingleActivityAndAutomateEditInformationfieldOnPg" name="clickOneditSubscriber" time="5.176"/>
  <testcase classname="test_package.TestCreatingSingleActivityAndAutomateEditInformationfieldOnPg" name="clickOn_ResourceTabOnActivity" time="14.868"/>
  <testcase classname="test_package.TestCreatingSingleActivityAndAutomateEditInformationfieldOnPg" name="clickOn_Normal_SchedulingMode" time="6.701"/>
  <testcase classname="test_package.TestCreatingSingleActivityAndAutomateEditInformationfieldOnPg" name="dynamicAssignment_SchedulingMode" time="6.294"/>
  <testcase classname="test_package.TestCreatingSingleActivityAndAutomateEditInformationfieldOnPg" name="addingStickers_OnActivity" time="76.626"/>
  <testcase classname="test_package.TestCreatingSingleActivityAndAutomateEditInformationfieldOnPg" name="fixedDuration_SchedulingMode">
    <skipped/>
  </testcase> <!-- fixedDuration_SchedulingMode -->
  <testcase classname="test_package.TestCreatingSingleActivityAndAutomateEditInformationfieldOnPg" name="effortDriven_SchedulingMode">
    <skipped/>
  </testcase> <!-- effortDriven_SchedulingMode -->
  <testcase classname="test_package.TestCreatingSingleActivityAndAutomateEditInformationfieldOnPg" name="editRisk">
    <skipped/>
  </testcase> <!-- editRisk -->
</testsuite> <!-- test_package.TestCreatingSingleActivityAndAutomateEditInformationfieldOnPg -->
