<?xml version="1.0" encoding="UTF-8"?>
<!-- Generated by org.testng.reporters.JUnitReportReporter -->
<testsuite hostname="DESKTOP-GGDIQCA" failures="0" tests="7" name="test_package.TestUpdateKanbanCardsDeatail" time="862.974" errors="0" timestamp="2024-09-02T11:31:10 IST" skipped="0">
  <testcase classname="test_package.TestUpdateKanbanCardsDeatail" name="Open_KAnbanBoard" time="59.873"/>
  <testcase classname="test_package.TestUpdateKanbanCardsDeatail" name="Open_KanbanCard" time="608.797"/>
  <testcase classname="test_package.TestUpdateKanbanCardsDeatail" name="AddTaskToBacklogMasterContainer" time="60.922"/>
  <testcase classname="test_package.TestUpdateKanbanCardsDeatail" name="AddTaskToInProgressMasterContainer" time="0.003"/>
  <testcase classname="test_package.TestUpdateKanbanCardsDeatail" name="AddTaskToReviewAndApprovalMasterContainer" time="39.382"/>
  <testcase classname="test_package.TestUpdateKanbanCardsDeatail" name="AddTaskToDoneContainer" time="39.295"/>
  <testcase classname="test_package.TestUpdateKanbanCardsDeatail" name="AddTaskToArchiveContainer" time="54.702"/>
</testsuite> <!-- test_package.TestUpdateKanbanCardsDeatail -->
