<?xml version="1.0" encoding="UTF-8"?>
<!-- Generated by org.testng.reporters.JUnitReportReporter -->
<testsuite hostname="DESKTOP-GGDIQCA" failures="0" tests="4" name="test_package.TestPlanGanttBoardSetting" time="96.532" errors="0" timestamp="2024-11-15T17:17:51 IST" skipped="1">
  <testcase classname="test_package.TestPlanGanttBoardSetting" name="clickOnSettingGearIcon" time="24.992"/>
  <testcase classname="test_package.TestPlanGanttBoardSetting" name="hideCards" time="68.527"/>
  <testcase classname="test_package.TestPlanGanttBoardSetting" name="clickOnPreferences" time="3.013"/>
  <testcase classname="test_package.TestPlanGanttBoardSetting" name="createKanbanCardAndActivity">
    <skipped/>
  </testcase> <!-- createKanbanCardAndActivity -->
</testsuite> <!-- test_package.TestPlanGanttBoardSetting -->
