<?xml version="1.0" encoding="UTF-8"?>
<!-- Generated by org.testng.reporters.JUnitReportReporter -->
<testsuite hostname="DESKTOP-GGDIQCA" failures="0" tests="3" name="test_package.TestCreateMultipleKanbancardswithTasksStickersFiles" time="156.088" errors="0" timestamp="2024-10-08T15:14:35 IST" skipped="0">
  <testcase classname="test_package.TestCreateMultipleKanbancardswithTasksStickersFiles" name="kanbanBoard" time="45.653"/>
  <testcase classname="test_package.TestCreateMultipleKanbancardswithTasksStickersFiles" name="kanbanCard" time="47.591"/>
  <testcase classname="test_package.TestCreateMultipleKanbancardswithTasksStickersFiles" name="AddTaskToBacklogMasterContainer" time="62.844"/>
</testsuite> <!-- test_package.TestCreateMultipleKanbancardswithTasksStickersFiles -->
