<?xml version="1.0" encoding="UTF-8"?>
<!-- Generated by org.testng.reporters.JUnitReportReporter -->
<testsuite hostname="DESKTOP-GGDIQCA" failures="0" tests="11" name="test_package.TestCreateCardsOnDifferentMasterContainersOnCV" time="101.031" errors="0" timestamp="2023-09-09T10:47:22 IST" skipped="8">
  <testcase classname="test_package.TestCreateCardsOnDifferentMasterContainersOnCV" name="KanbanBoard" time="29.613"/>
  <testcase classname="test_package.TestCreateCardsOnDifferentMasterContainersOnCV" name="kanbanCard" time="47.425"/>
  <testcase classname="test_package.TestCreateCardsOnDifferentMasterContainersOnCV" name="UploadfileOnCV" time="23.993"/>
  <testcase classname="test_package.TestCreateCardsOnDifferentMasterContainersOnCV" name="Hierarchy">
    <skipped/>
  </testcase> <!-- Hierarchy -->
  <testcase classname="test_package.TestCreateCardsOnDifferentMasterContainersOnCV" name="clonecardonCV">
    <skipped/>
  </testcase> <!-- clonecardonCV -->
  <testcase classname="test_package.TestCreateCardsOnDifferentMasterContainersOnCV" name="AddingTaskOnCvcard">
    <skipped/>
  </testcase> <!-- AddingTaskOnCvcard -->
  <testcase classname="test_package.TestCreateCardsOnDifferentMasterContainersOnCV" name="UpdateCVcard">
    <skipped/>
  </testcase> <!-- UpdateCVcard -->
  <testcase classname="test_package.TestCreateCardsOnDifferentMasterContainersOnCV" name="ClickingOnDiscuss">
    <skipped/>
  </testcase> <!-- ClickingOnDiscuss -->
  <testcase classname="test_package.TestCreateCardsOnDifferentMasterContainersOnCV" name="deleteCardonCV">
    <skipped/>
  </testcase> <!-- deleteCardonCV -->
  <testcase classname="test_package.TestCreateCardsOnDifferentMasterContainersOnCV" name="clickingOnQuickAction">
    <skipped/>
  </testcase> <!-- clickingOnQuickAction -->
  <testcase classname="test_package.TestCreateCardsOnDifferentMasterContainersOnCV" name="UpdateTask">
    <skipped/>
  </testcase> <!-- UpdateTask -->
</testsuite> <!-- test_package.TestCreateCardsOnDifferentMasterContainersOnCV -->
