<?xml version="1.0" encoding="UTF-8"?>
<!-- Generated by org.testng.reporters.JUnitReportReporter -->
<testsuite hostname="DESKTOP-GGDIQCA" failures="0" tests="2" name="test_package.TestEditKanbanBoard" time="180.713" errors="0" timestamp="2024-10-09T14:59:47 IST" skipped="0">
  <testcase classname="test_package.TestEditKanbanBoard" name="creatingSingleKanbanCard" time="140.046"/>
  <testcase classname="test_package.TestEditKanbanBoard" name="createEditMasterContainer" time="40.667"/>
</testsuite> <!-- test_package.TestEditKanbanBoard -->
