<?xml version="1.0" encoding="UTF-8"?>
<!-- Generated by org.testng.reporters.JUnitReportReporter -->
<testsuite hostname="DESKTOP-GGDIQCA" failures="0" tests="7" name="test_package.TestCreateKanbanCardsOnDifferentMasterContainers" time="395.295" errors="0" timestamp="2024-10-07T17:31:00 IST" skipped="0">
  <testcase classname="test_package.TestCreateKanbanCardsOnDifferentMasterContainers" name="kanbanBoard" time="59.178"/>
  <testcase classname="test_package.TestCreateKanbanCardsOnDifferentMasterContainers" name="kanbanCard" time="129.935"/>
  <testcase classname="test_package.TestCreateKanbanCardsOnDifferentMasterContainers" name="AddTaskToBacklogMasterContainer" time="43.573"/>
  <testcase classname="test_package.TestCreateKanbanCardsOnDifferentMasterContainers" name="AddTaskToInProgressMasterContainer" time="41.868"/>
  <testcase classname="test_package.TestCreateKanbanCardsOnDifferentMasterContainers" name="AddTaskToReviewAndApprovalMasterContainer" time="41.511"/>
  <testcase classname="test_package.TestCreateKanbanCardsOnDifferentMasterContainers" name="AddTaskToDoneContainer" time="39.564"/>
  <testcase classname="test_package.TestCreateKanbanCardsOnDifferentMasterContainers" name="AddTaskToArchiveContainer" time="39.666"/>
</testsuite> <!-- test_package.TestCreateKanbanCardsOnDifferentMasterContainers -->
