<?xml version="1.0" encoding="UTF-8"?>
<!-- Generated by org.testng.reporters.JUnitReportReporter -->
<testsuite hostname="DESKTOP-GGDIQCA" failures="0" tests="5" name="test_package.TestToCheckHeaderButtonsOnPlanGanttBoard" time="31.884" errors="0" timestamp="2024-11-18T18:47:43 IST" skipped="3">
  <testcase classname="test_package.TestToCheckHeaderButtonsOnPlanGanttBoard" name="checkUndoButton" time="11.339"/>
  <testcase classname="test_package.TestToCheckHeaderButtonsOnPlanGanttBoard" name="clickOnBaselineDropdown" time="20.545"/>
  <testcase classname="test_package.TestToCheckHeaderButtonsOnPlanGanttBoard" name="clickOnShowTab">
    <skipped/>
  </testcase> <!-- clickOnShowTab -->
  <testcase classname="test_package.TestToCheckHeaderButtonsOnPlanGanttBoard" name="advancefilterOnPlantGantt">
    <skipped/>
  </testcase> <!-- advancefilterOnPlantGantt -->
  <testcase classname="test_package.TestToCheckHeaderButtonsOnPlanGanttBoard" name="Singlemilestone">
    <skipped/>
  </testcase> <!-- Singlemilestone -->
</testsuite> <!-- test_package.TestToCheckHeaderButtonsOnPlanGanttBoard -->
