<?xml version="1.0" encoding="UTF-8"?>
<!-- Generated by org.testng.reporters.JUnitReportReporter -->
<testsuite hostname="DESKTOP-GGDIQCA" failures="0" tests="7" name="test_package.TestCreateMilestoneAndAutomateThreedotfunctionalityOnPg" time="26.164" errors="0" timestamp="2024-11-18T18:47:43 IST" skipped="5">
  <testcase classname="test_package.TestCreateMilestoneAndAutomateThreedotfunctionalityOnPg" name="addButtonfunctionality" time="24.590"/>
  <testcase classname="test_package.TestCreateMilestoneAndAutomateThreedotfunctionalityOnPg" name="converToActivityGroup" time="1.574"/>
  <testcase classname="test_package.TestCreateMilestoneAndAutomateThreedotfunctionalityOnPg" name="convertTomilestone">
    <skipped/>
  </testcase> <!-- convertTomilestone -->
  <testcase classname="test_package.TestCreateMilestoneAndAutomateThreedotfunctionalityOnPg" name="discusstabOnmilestone">
    <skipped/>
  </testcase> <!-- discusstabOnmilestone -->
  <testcase classname="test_package.TestCreateMilestoneAndAutomateThreedotfunctionalityOnPg" name="quickActionsOnMilstone">
    <skipped/>
  </testcase> <!-- quickActionsOnMilstone -->
  <testcase classname="test_package.TestCreateMilestoneAndAutomateThreedotfunctionalityOnPg" name="performIndentOutdentExternalDependancyCloneAndDeleteOperation">
    <skipped/>
  </testcase> <!-- performIndentOutdentExternalDependancyCloneAndDeleteOperation -->
  <testcase classname="test_package.TestCreateMilestoneAndAutomateThreedotfunctionalityOnPg" name="singleMilestone">
    <skipped/>
  </testcase> <!-- singleMilestone -->
</testsuite> <!-- test_package.TestCreateMilestoneAndAutomateThreedotfunctionalityOnPg -->
