<?xml version="1.0" encoding="UTF-8"?>
<!-- Generated by org.testng.reporters.JUnitReportReporter -->
<testsuite hostname="DESKTOP-GGDIQCA" failures="0" tests="31" name="test_package.TestAddNewColumnOnPG" time="185.251" errors="0" timestamp="2024-11-18T18:47:43 IST" skipped="1">
  <testcase classname="test_package.TestAddNewColumnOnPG" name="addPercentageDoneColumn" time="13.639"/>
  <testcase classname="test_package.TestAddNewColumnOnPG" name="addAssignedResourceColumn" time="3.257"/>
  <testcase classname="test_package.TestAddNewColumnOnPG" name="addCategoryColumn" time="3.930"/>
  <testcase classname="test_package.TestAddNewColumnOnPG" name="addDescriptionColumn" time="4.848"/>
  <testcase classname="test_package.TestAddNewColumnOnPG" name="addDiscussColumn" time="6.535"/>
  <testcase classname="test_package.TestAddNewColumnOnPG" name="addElapsedTimeColumn" time="5.095"/>
  <testcase classname="test_package.TestAddNewColumnOnPG" name="addFilesColumn" time="5.267"/>
  <testcase classname="test_package.TestAddNewColumnOnPG" name="addOnHoldColumn" time="5.457"/>
  <testcase classname="test_package.TestAddNewColumnOnPG" name="addPredecessorColumn" time="12.621"/>
  <testcase classname="test_package.TestAddNewColumnOnPG" name="addPriorityColumn" time="5.759"/>
  <testcase classname="test_package.TestAddNewColumnOnPG" name="addRiskColumn" time="5.857"/>
  <testcase classname="test_package.TestAddNewColumnOnPG" name="addSequenceColumn" time="6.220"/>
  <testcase classname="test_package.TestAddNewColumnOnPG" name="addStickersColumn" time="6.183"/>
  <testcase classname="test_package.TestAddNewColumnOnPG" name="addSuccessorsColumn" time="6.979"/>
  <testcase classname="test_package.TestAddNewColumnOnPG" name="addTimetoLaunchColumn" time="6.634"/>
  <testcase classname="test_package.TestAddNewColumnOnPG" name="removePercentageDoneColumn" time="14.086"/>
  <testcase classname="test_package.TestAddNewColumnOnPG" name="removeAssignedResourceColumn" time="12.884"/>
  <testcase classname="test_package.TestAddNewColumnOnPG" name="removeCategoryColumn" time="3.938"/>
  <testcase classname="test_package.TestAddNewColumnOnPG" name="removeDescriptionColumn" time="3.861"/>
  <testcase classname="test_package.TestAddNewColumnOnPG" name="removeDiscussColumn" time="3.929"/>
  <testcase classname="test_package.TestAddNewColumnOnPG" name="removeElapsedTimeColumn" time="7.070"/>
  <testcase classname="test_package.TestAddNewColumnOnPG" name="removeFilesColumn" time="3.770"/>
  <testcase classname="test_package.TestAddNewColumnOnPG" name="removeOnHoldColumn" time="3.884"/>
  <testcase classname="test_package.TestAddNewColumnOnPG" name="removePredecessorColumn" time="3.834"/>
  <testcase classname="test_package.TestAddNewColumnOnPG" name="removePriorityColumn" time="10.263"/>
  <testcase classname="test_package.TestAddNewColumnOnPG" name="removeRiskColumn" time="3.963"/>
  <testcase classname="test_package.TestAddNewColumnOnPG" name="removeSequenceColumn" time="3.876"/>
  <testcase classname="test_package.TestAddNewColumnOnPG" name="removeStickersColumn" time="3.797"/>
  <testcase classname="test_package.TestAddNewColumnOnPG" name="removeSuccessorsColumn" time="3.991"/>
  <testcase classname="test_package.TestAddNewColumnOnPG" name="removeTimeToLaunch" time="3.824"/>
  <testcase classname="test_package.TestAddNewColumnOnPG" name="Create_SingleActivity">
    <skipped/>
  </testcase> <!-- Create_SingleActivity -->
</testsuite> <!-- test_package.TestAddNewColumnOnPG -->
