<?xml version="1.0" encoding="UTF-8"?>
<!-- Generated by org.testng.reporters.JUnitReportReporter -->
<testsuite hostname="DESKTOP-GGDIQCA" failures="0" tests="8" name="test_package.TestCreateActivityAndAutomateThreedotfunctionalityOnPlanGantt" time="85.480" errors="0" timestamp="2024-11-18T18:47:43 IST" skipped="5">
  <testcase classname="test_package.TestCreateActivityAndAutomateThreedotfunctionalityOnPlanGantt" name="addButtonfunctionality" time="22.904"/>
  <testcase classname="test_package.TestCreateActivityAndAutomateThreedotfunctionalityOnPlanGantt" name="converToActivityGroup" time="29.409"/>
  <testcase classname="test_package.TestCreateActivityAndAutomateThreedotfunctionalityOnPlanGantt" name="convertTomilestone" time="33.167"/>
  <testcase classname="test_package.TestCreateActivityAndAutomateThreedotfunctionalityOnPlanGantt" name="quickActionsOnActivity">
    <skipped/>
  </testcase> <!-- quickActionsOnActivity -->
  <testcase classname="test_package.TestCreateActivityAndAutomateThreedotfunctionalityOnPlanGantt" name="clickOnDiscussTabOnActivity">
    <skipped/>
  </testcase> <!-- clickOnDiscussTabOnActivity -->
  <testcase classname="test_package.TestCreateActivityAndAutomateThreedotfunctionalityOnPlanGantt" name="discusstabOnmilestone">
    <skipped/>
  </testcase> <!-- discusstabOnmilestone -->
  <testcase classname="test_package.TestCreateActivityAndAutomateThreedotfunctionalityOnPlanGantt" name="quickActionsOnMilstone">
    <skipped/>
  </testcase> <!-- quickActionsOnMilstone -->
  <testcase classname="test_package.TestCreateActivityAndAutomateThreedotfunctionalityOnPlanGantt" name="Create_SingleActivity">
    <skipped/>
  </testcase> <!-- Create_SingleActivity -->
</testsuite> <!-- test_package.TestCreateActivityAndAutomateThreedotfunctionalityOnPlanGantt -->
