<?xml version="1.0" encoding="UTF-8"?>
<!-- Generated by org.testng.reporters.JUnitReportReporter -->
<testsuite hostname="DESKTOP-GGDIQCA" failures="0" tests="10" name="test_package.TestCreateSingleMilestoneAndAutomateEditInformationfield" time="69.569" errors="0" timestamp="2024-11-18T18:47:43 IST" skipped="2">
  <testcase classname="test_package.TestCreateSingleMilestoneAndAutomateEditInformationfield" name="clickOn_SideStatusColumn" time="12.477"/>
  <testcase classname="test_package.TestCreateSingleMilestoneAndAutomateEditInformationfield" name="clickOn_SideLogTimeColumn" time="8.604"/>
  <testcase classname="test_package.TestCreateSingleMilestoneAndAutomateEditInformationfield" name="clickOn_editLogTime" time="14.108"/>
  <testcase classname="test_package.TestCreateSingleMilestoneAndAutomateEditInformationfield" name="clickOn_RiskTab" time="9.345"/>
  <testcase classname="test_package.TestCreateSingleMilestoneAndAutomateEditInformationfield" name="clickOnSubscriberOfActivity" time="9.526"/>
  <testcase classname="test_package.TestCreateSingleMilestoneAndAutomateEditInformationfield" name="clickOneditSubscriber" time="5.219"/>
  <testcase classname="test_package.TestCreateSingleMilestoneAndAutomateEditInformationfield" name="Manually_ScheduledModeOnMilestone" time="3.512"/>
  <testcase classname="test_package.TestCreateSingleMilestoneAndAutomateEditInformationfield" name="add_files_OnMilestone" time="6.778"/>
  <testcase classname="test_package.TestCreateSingleMilestoneAndAutomateEditInformationfield" name="singleMilestone">
    <skipped/>
  </testcase> <!-- singleMilestone -->
  <testcase classname="test_package.TestCreateSingleMilestoneAndAutomateEditInformationfield" name="editRisk">
    <skipped/>
  </testcase> <!-- editRisk -->
</testsuite> <!-- test_package.TestCreateSingleMilestoneAndAutomateEditInformationfield -->
