<?xml version="1.0" encoding="UTF-8"?>
<!-- Generated by org.testng.reporters.JUnitReportReporter -->
<testsuite hostname="DESKTOP-GGDIQCA" failures="0" tests="8" name="test_package.TestAddMilestoneOnMasterContainerInCV" time="202.495" errors="0" timestamp="2024-10-07T12:38:12 IST" skipped="1">
  <testcase classname="test_package.TestAddMilestoneOnMasterContainerInCV" name="KanbanBoard" time="48.800"/>
  <testcase classname="test_package.TestAddMilestoneOnMasterContainerInCV" name="CreateMilestoneOnCardInCV" time="62.064"/>
  <testcase classname="test_package.TestAddMilestoneOnMasterContainerInCV" name="EditMilestoneOnCV" time="27.055"/>
  <testcase classname="test_package.TestAddMilestoneOnMasterContainerInCV" name="Cloned_milestoneByStartDate" time="20.942"/>
  <testcase classname="test_package.TestAddMilestoneOnMasterContainerInCV" name="Cloned_milestoneByDueDate" time="22.139"/>
  <testcase classname="test_package.TestAddMilestoneOnMasterContainerInCV" name="ClickOn_QuickActionOnMilestone" time="7.859"/>
  <testcase classname="test_package.TestAddMilestoneOnMasterContainerInCV" name="Delete_milestone" time="13.636"/>
  <testcase classname="test_package.TestAddMilestoneOnMasterContainerInCV" name="DiscussChatter_OnMilestone">
    <skipped/>
  </testcase> <!-- DiscussChatter_OnMilestone -->
</testsuite> <!-- test_package.TestAddMilestoneOnMasterContainerInCV -->
