<?xml version="1.0" encoding="UTF-8"?>
<!-- Generated by org.testng.reporters.JUnitReportReporter -->
<testsuite hostname="DESKTOP-GGDIQCA" failures="0" tests="3" name="test_package.TestFolderProjectKanbanCard" time="350.866" errors="0" timestamp="2023-09-04T18:58:28 IST" skipped="1">
  <testcase classname="test_package.TestFolderProjectKanbanCard" name="CreateFolderProjectKanbanBoard" time="18.554"/>
  <testcase classname="test_package.TestFolderProjectKanbanCard" name="CreateKanbanCard" time="332.312"/>
  <testcase classname="test_package.TestFolderProjectKanbanCard" name="Stickers">
    <skipped/>
  </testcase> <!-- Stickers -->
</testsuite> <!-- test_package.TestFolderProjectKanbanCard -->
