<?xml version="1.0" encoding="UTF-8"?>
<!-- Generated by org.testng.reporters.JUnitReportReporter -->
<testsuite hostname="DESKTOP-GGDIQCA" failures="0" tests="11" name="test_package.TestToCheckingHeaderButtonsOnCalendarView" time="173.850" errors="0" timestamp="2024-10-14T12:23:24 IST" skipped="4">
  <testcase classname="test_package.TestToCheckingHeaderButtonsOnCalendarView" name="CreateKAnbanBoard" time="94.511"/>
  <testcase classname="test_package.TestToCheckingHeaderButtonsOnCalendarView" name="AddTaskonAllmasterContainersCards" time="12.248"/>
  <testcase classname="test_package.TestToCheckingHeaderButtonsOnCalendarView" name="CaptureProjectAndKanbanBoardName" time="2.127"/>
  <testcase classname="test_package.TestToCheckingHeaderButtonsOnCalendarView" name="ShowAllTasks" time="3.256"/>
  <testcase classname="test_package.TestToCheckingHeaderButtonsOnCalendarView" name="ShowCriticalPath" time="3.320"/>
  <testcase classname="test_package.TestToCheckingHeaderButtonsOnCalendarView" name="SetCalendarPreferences" time="32.403"/>
  <testcase classname="test_package.TestToCheckingHeaderButtonsOnCalendarView" name="filterOnCalendarView" time="25.985"/>
  <testcase classname="test_package.TestToCheckingHeaderButtonsOnCalendarView" name="InspectHeaderElements">
    <skipped/>
  </testcase> <!-- InspectHeaderElements -->
  <testcase classname="test_package.TestToCheckingHeaderButtonsOnCalendarView" name="UndoButtonFunctionality">
    <skipped/>
  </testcase> <!-- UndoButtonFunctionality -->
  <testcase classname="test_package.TestToCheckingHeaderButtonsOnCalendarView" name="PerformedSetPercentComplete">
    <skipped/>
  </testcase> <!-- PerformedSetPercentComplete -->
  <testcase classname="test_package.TestToCheckingHeaderButtonsOnCalendarView" name="showhundredpercecards">
    <skipped/>
  </testcase> <!-- showhundredpercecards -->
</testsuite> <!-- test_package.TestToCheckingHeaderButtonsOnCalendarView -->
