<?xml version="1.0" encoding="UTF-8"?>
<!-- Generated by org.testng.reporters.JUnitReportReporter -->
<testsuite hostname="DESKTOP-GGDIQCA" failures="0" tests="6" name="test_package.TestCreateKanbanCardWithThreeTask" time="297.075" errors="0" timestamp="2024-10-07T17:45:20 IST" skipped="0">
  <testcase classname="test_package.TestCreateKanbanCardWithThreeTask" name="CreateHundredKanbanCardWithThreeTaskEach" time="168.355"/>
  <testcase classname="test_package.TestCreateKanbanCardWithThreeTask" name="CloneBackLogMasterContainerCardsToInProgressMasterContainer" time="29.407"/>
  <testcase classname="test_package.TestCreateKanbanCardWithThreeTask" name="CloneBackLogMasterContainerCardsToReviewAndApprovalMasterContainer" time="27.700"/>
  <testcase classname="test_package.TestCreateKanbanCardWithThreeTask" name="CloneBackLogMasterContainerCardsToDoneMasterContainer" time="28.991"/>
  <testcase classname="test_package.TestCreateKanbanCardWithThreeTask" name="CloneBackLogMasterContainerCardsToArchiveMasterContainer" time="30.143"/>
  <testcase classname="test_package.TestCreateKanbanCardWithThreeTask" name="CloneKanbanBoard" time="12.479"/>
</testsuite> <!-- test_package.TestCreateKanbanCardWithThreeTask -->
