<?xml version="1.0" encoding="UTF-8"?>
<!-- Generated by org.testng.reporters.JUnitReportReporter -->
<testsuite hostname="DESKTOP-GGDIQCA" failures="0" tests="6" name="test_package.TestSavingMultipleViewsInPlanGant" time="65.965" errors="0" timestamp="2025-02-14T12:57:45 IST" skipped="0">
  <testcase classname="test_package.TestSavingMultipleViewsInPlanGant" name="saveDefaultView" time="10.800"/>
  <testcase classname="test_package.TestSavingMultipleViewsInPlanGant" name="createView1WithAddColumn" time="18.082"/>
  <testcase classname="test_package.TestSavingMultipleViewsInPlanGant" name="createView2Withfilter" time="11.997"/>
  <testcase classname="test_package.TestSavingMultipleViewsInPlanGant" name="createView3WithBaseline" time="11.702"/>
  <testcase classname="test_package.TestSavingMultipleViewsInPlanGant" name="filterBoardByTitle" time="12.771"/>
  <testcase classname="test_package.TestSavingMultipleViewsInPlanGant" name="hideAndShowScheduleICon" time="0.613"/>
</testsuite> <!-- test_package.TestSavingMultipleViewsInPlanGant -->
