<?xml version="1.0" encoding="UTF-8"?>
<!-- Generated by org.testng.reporters.JUnitReportReporter -->
<testsuite hostname="DESKTOP-GGDIQCA" failures="0" tests="7" name="test_package.TestUpdateKanbanCardsDeatail" time="462.244" errors="0" timestamp="2024-06-07T17:00:23 IST" skipped="0">
  <testcase classname="test_package.TestUpdateKanbanCardsDeatail" name="Open_KAnbanBoard" time="13.946"/>
  <testcase classname="test_package.TestUpdateKanbanCardsDeatail" name="Open_KanbanCard" time="249.900"/>
  <testcase classname="test_package.TestUpdateKanbanCardsDeatail" name="AddTaskToBacklogMasterContainer" time="63.785"/>
  <testcase classname="test_package.TestUpdateKanbanCardsDeatail" name="AddTaskToInProgressMasterContainer" time="0.002"/>
  <testcase classname="test_package.TestUpdateKanbanCardsDeatail" name="AddTaskToReviewAndApprovalMasterContainer" time="41.011"/>
  <testcase classname="test_package.TestUpdateKanbanCardsDeatail" name="AddTaskToDoneContainer" time="40.856"/>
  <testcase classname="test_package.TestUpdateKanbanCardsDeatail" name="AddTaskToArchiveContainer" time="52.744"/>
</testsuite> <!-- test_package.TestUpdateKanbanCardsDeatail -->
