<?xml version="1.0" encoding="UTF-8"?>
<!-- Generated by org.testng.reporters.JUnitReportReporter -->
<testsuite hostname="DESKTOP-GGDIQCA" failures="0" tests="8" name="test_package.TestCreateSingleMilestoneAndAutomateEditInformationfield" time="75.977" errors="0" timestamp="2025-02-14T12:57:45 IST" skipped="0">
  <testcase classname="test_package.TestCreateSingleMilestoneAndAutomateEditInformationfield" name="clickOn_SideStatusColumn" time="14.485"/>
  <testcase classname="test_package.TestCreateSingleMilestoneAndAutomateEditInformationfield" name="clickOn_SideLogTimeColumn" time="9.714"/>
  <testcase classname="test_package.TestCreateSingleMilestoneAndAutomateEditInformationfield" name="clickOn_editLogTime" time="13.698"/>
  <testcase classname="test_package.TestCreateSingleMilestoneAndAutomateEditInformationfield" name="clickOn_RiskTab" time="8.917"/>
  <testcase classname="test_package.TestCreateSingleMilestoneAndAutomateEditInformationfield" name="editRisk" time="8.196"/>
  <testcase classname="test_package.TestCreateSingleMilestoneAndAutomateEditInformationfield" name="clickOn_SubscriberTabOnMilestone" time="8.503"/>
  <testcase classname="test_package.TestCreateSingleMilestoneAndAutomateEditInformationfield" name="editSubscriberOnMilestone" time="5.967"/>
  <testcase classname="test_package.TestCreateSingleMilestoneAndAutomateEditInformationfield" name="add_files_OnMilestone" time="6.497"/>
</testsuite> <!-- test_package.TestCreateSingleMilestoneAndAutomateEditInformationfield -->
