<?xml version="1.0" encoding="UTF-8"?>
<!-- Generated by org.testng.reporters.JUnitReportReporter -->
<testsuite hostname="DESKTOP-GGDIQCA" failures="0" tests="30" name="test_package.TestAddNewColumnOnPG" time="132.338" errors="0" timestamp="2025-02-14T12:57:45 IST" skipped="0">
  <testcase classname="test_package.TestAddNewColumnOnPG" name="addPercentageDoneColumn" time="13.577"/>
  <testcase classname="test_package.TestAddNewColumnOnPG" name="addAssignedResourceColumn" time="3.057"/>
  <testcase classname="test_package.TestAddNewColumnOnPG" name="addCategoryColumn" time="3.355"/>
  <testcase classname="test_package.TestAddNewColumnOnPG" name="addDescriptionColumn" time="3.445"/>
  <testcase classname="test_package.TestAddNewColumnOnPG" name="addDiscussColumn" time="3.675"/>
  <testcase classname="test_package.TestAddNewColumnOnPG" name="addElapsedTimeColumn" time="4.234"/>
  <testcase classname="test_package.TestAddNewColumnOnPG" name="addFilesColumn" time="3.871"/>
  <testcase classname="test_package.TestAddNewColumnOnPG" name="addOnHoldColumn" time="4.580"/>
  <testcase classname="test_package.TestAddNewColumnOnPG" name="addPredecessorColumn" time="4.430"/>
  <testcase classname="test_package.TestAddNewColumnOnPG" name="addPriorityColumn" time="4.334"/>
  <testcase classname="test_package.TestAddNewColumnOnPG" name="addRiskColumn" time="4.720"/>
  <testcase classname="test_package.TestAddNewColumnOnPG" name="addSequenceColumn" time="5.280"/>
  <testcase classname="test_package.TestAddNewColumnOnPG" name="addStickersColumn" time="5.027"/>
  <testcase classname="test_package.TestAddNewColumnOnPG" name="addSuccessorsColumn" time="5.498"/>
  <testcase classname="test_package.TestAddNewColumnOnPG" name="addTimetoLaunchColumn" time="5.399"/>
  <testcase classname="test_package.TestAddNewColumnOnPG" name="removePercentageDoneColumn" time="4.846"/>
  <testcase classname="test_package.TestAddNewColumnOnPG" name="removeAssignedResourceColumn" time="3.738"/>
  <testcase classname="test_package.TestAddNewColumnOnPG" name="removeCategoryColumn" time="3.744"/>
  <testcase classname="test_package.TestAddNewColumnOnPG" name="removeDescriptionColumn" time="3.975"/>
  <testcase classname="test_package.TestAddNewColumnOnPG" name="removeDiscussColumn" time="3.744"/>
  <testcase classname="test_package.TestAddNewColumnOnPG" name="removeElapsedTimeColumn" time="3.796"/>
  <testcase classname="test_package.TestAddNewColumnOnPG" name="removeFilesColumn" time="3.801"/>
  <testcase classname="test_package.TestAddNewColumnOnPG" name="removeOnHoldColumn" time="3.726"/>
  <testcase classname="test_package.TestAddNewColumnOnPG" name="removePredecessorColumn" time="3.900"/>
  <testcase classname="test_package.TestAddNewColumnOnPG" name="removePriorityColumn" time="3.738"/>
  <testcase classname="test_package.TestAddNewColumnOnPG" name="removeRiskColumn" time="3.757"/>
  <testcase classname="test_package.TestAddNewColumnOnPG" name="removeSequenceColumn" time="3.751"/>
  <testcase classname="test_package.TestAddNewColumnOnPG" name="removeStickersColumn" time="3.746"/>
  <testcase classname="test_package.TestAddNewColumnOnPG" name="removeSuccessorsColumn" time="3.810"/>
  <testcase classname="test_package.TestAddNewColumnOnPG" name="removeTimeToLaunch" time="3.784"/>
</testsuite> <!-- test_package.TestAddNewColumnOnPG -->
