<?xml version="1.0" encoding="UTF-8"?>
<!-- Generated by org.testng.reporters.JUnitReportReporter -->
<testsuite hostname="DESKTOP-GGDIQCA" failures="0" tests="21" name="test_package.TestKanbanBoardRegression" time="433.217" errors="0" timestamp="2024-06-06T15:04:25 IST" skipped="4">
  <testcase classname="test_package.TestKanbanBoardRegression" name="SingleKanbanCard" time="62.785"/>
  <testcase classname="test_package.TestKanbanBoardRegression" name="KanbanCardTask" time="16.096"/>
  <testcase classname="test_package.TestKanbanBoardRegression" name="EditKanbanCardTask" time="23.445"/>
  <testcase classname="test_package.TestKanbanBoardRegression" name="KanbanCardLogTime" time="20.497"/>
  <testcase classname="test_package.TestKanbanBoardRegression" name="EditKanbanCardLogTime" time="24.249"/>
  <testcase classname="test_package.TestKanbanBoardRegression" name="KanbanCardRisk" time="19.492"/>
  <testcase classname="test_package.TestKanbanBoardRegression" name="EditKanbanCardRisk" time="18.038"/>
  <testcase classname="test_package.TestKanbanBoardRegression" name="quickActionKanbanCard" time="30.950"/>
  <testcase classname="test_package.TestKanbanBoardRegression" name="KanbanCardLink" time="67.814"/>
  <testcase classname="test_package.TestKanbanBoardRegression" name="KanbanCardSubscriber" time="20.976"/>
  <testcase classname="test_package.TestKanbanBoardRegression" name="kanbanCardResource" time="11.954"/>
  <testcase classname="test_package.TestKanbanBoardRegression" name="KanbancardCardMode" time="16.716"/>
  <testcase classname="test_package.TestKanbanBoardRegression" name="UploadStickerOnKanbanCard" time="25.760"/>
  <testcase classname="test_package.TestKanbanBoardRegression" name="KanbanCardHyperJump" time="22.910"/>
  <testcase classname="test_package.TestKanbanBoardRegression" name="KanbanCardHierarchy" time="26.371"/>
  <testcase classname="test_package.TestKanbanBoardRegression" name="KanbanCardFiles" time="13.669"/>
  <testcase classname="test_package.TestKanbanBoardRegression" name="DeleteKanbanCard" time="11.495"/>
  <testcase classname="test_package.TestKanbanBoardRegression" name="CloneKanbanCard">
    <skipped/>
  </testcase> <!-- CloneKanbanCard -->
  <testcase classname="test_package.TestKanbanBoardRegression" name="UpdateKanbanCard">
    <skipped/>
  </testcase> <!-- UpdateKanbanCard -->
  <testcase classname="test_package.TestKanbanBoardRegression" name="KanbanCardStatus">
    <skipped/>
  </testcase> <!-- KanbanCardStatus -->
  <testcase classname="test_package.TestKanbanBoardRegression" name="KanbanCardCustomField">
    <skipped/>
  </testcase> <!-- KanbanCardCustomField -->
</testsuite> <!-- test_package.TestKanbanBoardRegression -->
