<?xml version="1.0" encoding="UTF-8"?>
<!-- Generated by org.testng.reporters.JUnitReportReporter -->
<testsuite hostname="DESKTOP-GGDIQCA" failures="0" tests="7" name="test_package.TestCreateMilestoneAndAutomateThreedotfunctionalityOnPg" time="281.496" errors="0" timestamp="2024-06-14T14:59:16 IST" skipped="0">
  <testcase classname="test_package.TestCreateMilestoneAndAutomateThreedotfunctionalityOnPg" name="singleMilestone" time="60.896"/>
  <testcase classname="test_package.TestCreateMilestoneAndAutomateThreedotfunctionalityOnPg" name="addButtonfunctionality" time="26.722"/>
  <testcase classname="test_package.TestCreateMilestoneAndAutomateThreedotfunctionalityOnPg" name="discusstabOnmilestone" time="99.595"/>
  <testcase classname="test_package.TestCreateMilestoneAndAutomateThreedotfunctionalityOnPg" name="converToActivityGroup" time="1.466"/>
  <testcase classname="test_package.TestCreateMilestoneAndAutomateThreedotfunctionalityOnPg" name="performIndentOutdentExternalDependancyCloneAndDeleteOperation" time="36.058"/>
  <testcase classname="test_package.TestCreateMilestoneAndAutomateThreedotfunctionalityOnPg" name="convertTomilestone" time="34.948"/>
  <testcase classname="test_package.TestCreateMilestoneAndAutomateThreedotfunctionalityOnPg" name="quickActionsOnMilstone" time="21.811"/>
</testsuite> <!-- test_package.TestCreateMilestoneAndAutomateThreedotfunctionalityOnPg -->
