<?xml version="1.0" encoding="UTF-8"?>
<!-- Generated by org.testng.reporters.JUnitReportReporter -->
<testsuite hostname="DESKTOP-GGDIQCA" failures="0" tests="2" name="test_package.TestPlanGanttBoardSetting" time="94.277" errors="0" timestamp="2025-02-14T12:30:00 IST" skipped="0">
  <testcase classname="test_package.TestPlanGanttBoardSetting" name="Create_SingleActivity" time="88.807"/>
  <testcase classname="test_package.TestPlanGanttBoardSetting" name="showCriticalPath" time="5.470"/>
</testsuite> <!-- test_package.TestPlanGanttBoardSetting -->
