<?xml version="1.0" encoding="UTF-8"?>
<!-- Generated by org.testng.reporters.JUnitReportReporter -->
<testsuite hostname="DESKTOP-GGDIQCA" failures="0" tests="8" name="test_package.TestCreateActivityAndAutomateThreedotfunctionalityOnPlanGantt" time="126.188" errors="0" timestamp="2025-02-14T12:57:45 IST" skipped="0">
  <testcase classname="test_package.TestCreateActivityAndAutomateThreedotfunctionalityOnPlanGantt" name="quickActionsOnActivity" time="39.781"/>
  <testcase classname="test_package.TestCreateActivityAndAutomateThreedotfunctionalityOnPlanGantt" name="addButtonfunctionality" time="33.597"/>
  <testcase classname="test_package.TestCreateActivityAndAutomateThreedotfunctionalityOnPlanGantt" name="clickOnDiscussTabOnActivity" time="17.846"/>
  <testcase classname="test_package.TestCreateActivityAndAutomateThreedotfunctionalityOnPlanGantt" name="converToActivityGroup" time="1.596"/>
  <testcase classname="test_package.TestCreateActivityAndAutomateThreedotfunctionalityOnPlanGantt" name="performIndentOutdentOperatisOnActivity" time="3.199"/>
  <testcase classname="test_package.TestCreateActivityAndAutomateThreedotfunctionalityOnPlanGantt" name="cloneActivity" time="4.629"/>
  <testcase classname="test_package.TestCreateActivityAndAutomateThreedotfunctionalityOnPlanGantt" name="deleteOperation_OnActivity" time="11.717"/>
  <testcase classname="test_package.TestCreateActivityAndAutomateThreedotfunctionalityOnPlanGantt" name="performExternalDependancyOperationOnActivity" time="13.823"/>
</testsuite> <!-- test_package.TestCreateActivityAndAutomateThreedotfunctionalityOnPlanGantt -->
