<?xml version="1.0" encoding="UTF-8"?>
<!-- Generated by org.testng.reporters.JUnitReportReporter -->
<testsuite hostname="DESKTOP-GGDIQCA" failures="0" tests="11" name="test_package.TestCreatingSingleActivityAndAutomateEditInformationfieldOnPg" time="249.289" errors="0" timestamp="2025-02-14T12:57:45 IST" skipped="0">
  <testcase classname="test_package.TestCreatingSingleActivityAndAutomateEditInformationfieldOnPg" name="Create_SingleActivity" time="75.479"/>
  <testcase classname="test_package.TestCreatingSingleActivityAndAutomateEditInformationfieldOnPg" name="ClickOn_SideStatusColumn" time="16.824"/>
  <testcase classname="test_package.TestCreatingSingleActivityAndAutomateEditInformationfieldOnPg" name="ClickOn_LogTimeSideColumn" time="10.185"/>
  <testcase classname="test_package.TestCreatingSingleActivityAndAutomateEditInformationfieldOnPg" name="editLogTime" time="14.530"/>
  <testcase classname="test_package.TestCreatingSingleActivityAndAutomateEditInformationfieldOnPg" name="clickOn_RiskSideColumn" time="12.004"/>
  <testcase classname="test_package.TestCreatingSingleActivityAndAutomateEditInformationfieldOnPg" name="editRisk" time="8.168"/>
  <testcase classname="test_package.TestCreatingSingleActivityAndAutomateEditInformationfieldOnPg" name="clickOn_SubscriberSideColumn" time="7.308"/>
  <testcase classname="test_package.TestCreatingSingleActivityAndAutomateEditInformationfieldOnPg" name="clickOneditSubscriber" time="8.002"/>
  <testcase classname="test_package.TestCreatingSingleActivityAndAutomateEditInformationfieldOnPg" name="clickOn_ResourceSideColumnOnActivity" time="18.321"/>
  <testcase classname="test_package.TestCreatingSingleActivityAndAutomateEditInformationfieldOnPg" name="addingStickers_OnActivity" time="62.703"/>
  <testcase classname="test_package.TestCreatingSingleActivityAndAutomateEditInformationfieldOnPg" name="clickOn_FilesSideColumn" time="15.765"/>
</testsuite> <!-- test_package.TestCreatingSingleActivityAndAutomateEditInformationfieldOnPg -->
