<?xml version="1.0" encoding="UTF-8"?>
<!-- Generated by org.testng.reporters.JUnitReportReporter -->
<testsuite hostname="DESKTOP-GGDIQCA" failures="0" tests="14" name="test_package.TestCreatingSingleActivityAndAutomateEditInformationfieldOnPg" time="224.085" errors="0" timestamp="2024-05-24T15:13:15 IST" skipped="1">
  <testcase classname="test_package.TestCreatingSingleActivityAndAutomateEditInformationfieldOnPg" name="Create_SingleActivity" time="60.903"/>
  <testcase classname="test_package.TestCreatingSingleActivityAndAutomateEditInformationfieldOnPg" name="ClickOn_SideStatusColumn" time="7.745"/>
  <testcase classname="test_package.TestCreatingSingleActivityAndAutomateEditInformationfieldOnPg" name="ClickOn_SideLogTimeColumn" time="7.687"/>
  <testcase classname="test_package.TestCreatingSingleActivityAndAutomateEditInformationfieldOnPg" name="editLogTime" time="13.153"/>
  <testcase classname="test_package.TestCreatingSingleActivityAndAutomateEditInformationfieldOnPg" name="clickOn_RiskTab" time="8.026"/>
  <testcase classname="test_package.TestCreatingSingleActivityAndAutomateEditInformationfieldOnPg" name="clickOnSubscriberOfActivity" time="9.654"/>
  <testcase classname="test_package.TestCreatingSingleActivityAndAutomateEditInformationfieldOnPg" name="clickOneditSubscriber" time="4.850"/>
  <testcase classname="test_package.TestCreatingSingleActivityAndAutomateEditInformationfieldOnPg" name="clickOn_ResourceTabOnActivity" time="14.394"/>
  <testcase classname="test_package.TestCreatingSingleActivityAndAutomateEditInformationfieldOnPg" name="clickOn_Normal_SchedulingMode" time="6.205"/>
  <testcase classname="test_package.TestCreatingSingleActivityAndAutomateEditInformationfieldOnPg" name="fixedDuration_SchedulingMode" time="13.417"/>
  <testcase classname="test_package.TestCreatingSingleActivityAndAutomateEditInformationfieldOnPg" name="effortDriven_SchedulingMode" time="7.292"/>
  <testcase classname="test_package.TestCreatingSingleActivityAndAutomateEditInformationfieldOnPg" name="dynamicAssignment_SchedulingMode" time="6.167"/>
  <testcase classname="test_package.TestCreatingSingleActivityAndAutomateEditInformationfieldOnPg" name="addingStickers_OnActivity" time="64.592"/>
  <testcase classname="test_package.TestCreatingSingleActivityAndAutomateEditInformationfieldOnPg" name="editRisk">
    <skipped/>
  </testcase> <!-- editRisk -->
</testsuite> <!-- test_package.TestCreatingSingleActivityAndAutomateEditInformationfieldOnPg -->
