<?xml version="1.0" encoding="UTF-8"?>
<!-- Generated by org.testng.reporters.JUnitReportReporter -->
<testsuite hostname="DESKTOP-GGDIQCA" failures="0" tests="13" name="test_package.TestKanbanBoardSetting" time="169.513" errors="0" timestamp="2024-06-07T14:46:23 IST" skipped="5">
  <testcase classname="test_package.TestKanbanBoardSetting" name="creatingSingleKanbanCard" time="54.037"/>
  <testcase classname="test_package.TestKanbanBoardSetting" name="KanbanCardTask" time="12.603"/>
  <testcase classname="test_package.TestKanbanBoardSetting" name="kanbanBoardMyPreference" time="25.594"/>
  <testcase classname="test_package.TestKanbanBoardSetting" name="kanbanBoardSecurity" time="10.322"/>
  <testcase classname="test_package.TestKanbanBoardSetting" name="kanbanBoardSecurityUncheck" time="9.322"/>
  <testcase classname="test_package.TestKanbanBoardSetting" name="defaultLinkKanbanBoard" time="39.894"/>
  <testcase classname="test_package.TestKanbanBoardSetting" name="inboundEmail" time="8.121"/>
  <testcase classname="test_package.TestKanbanBoardSetting" name="saveKanbanBoard" time="9.620"/>
  <testcase classname="test_package.TestKanbanBoardSetting" name="opportunityCard">
    <skipped/>
  </testcase> <!-- opportunityCard -->
  <testcase classname="test_package.TestKanbanBoardSetting" name="casesCard">
    <skipped/>
  </testcase> <!-- casesCard -->
  <testcase classname="test_package.TestKanbanBoardSetting" name="boardSetting">
    <skipped/>
  </testcase> <!-- boardSetting -->
  <testcase classname="test_package.TestKanbanBoardSetting" name="cloneKanbanBoardStartDate">
    <skipped/>
  </testcase> <!-- cloneKanbanBoardStartDate -->
  <testcase classname="test_package.TestKanbanBoardSetting" name="cloneKanbanBoardDueDate">
    <skipped/>
  </testcase> <!-- cloneKanbanBoardDueDate -->
</testsuite> <!-- test_package.TestKanbanBoardSetting -->
