<?xml version="1.0" encoding="UTF-8"?>
<!-- Generated by org.testng.reporters.JUnitReportReporter -->
<testsuite hostname="DESKTOP-GGDIQCA" failures="0" tests="2" name="test_package.TestEditKanbanBoard" time="153.306" errors="0" timestamp="2024-06-06T15:41:34 IST" skipped="0">
  <testcase classname="test_package.TestEditKanbanBoard" name="creatingSingleKanbanCard" time="64.147"/>
  <testcase classname="test_package.TestEditKanbanBoard" name="createEditMasterContainer" time="89.159"/>
</testsuite> <!-- test_package.TestEditKanbanBoard -->
